Using pre-set license
Built from '2020.3/staging' branch; Version is '2020.3.21f1 (a38c86f6690f) revision 10718342'; Using compiler version '192528614'; Build Type 'Release'
OS: 'Windows 10 Pro; OS build 22000.348; Version 2009; 64bit' Language: 'de' Physical Memory: 16134 MB
BatchMode: 1, IsHumanControllingUs: 0, StartBugReporterOnCrash: 0, Is64bit: 1, IsPro: 0

COMMAND LINE ARGUMENTS:
C:\Program Files\Unity\Hub\Editor\2020.3.21f1\Editor\Unity.exe
-adb2
-batchMode
-noUpm
-name
AssetImportWorker30
-projectPath
C:/Users/mstei/OneDrive/Desktop/Medical technologie Kram/AR/UnityMCI/UnityProject2021
-logFile
Logs/AssetImportWorker30.log
-srvPort
57253
Successfully changed project path to: C:/Users/mstei/OneDrive/Desktop/Medical technologie Kram/AR/UnityMCI/UnityProject2021
C:/Users/mstei/OneDrive/Desktop/Medical technologie Kram/AR/UnityMCI/UnityProject2021
Using Asset Import Pipeline V2.
