Using pre-set license
Built from '2020.3/staging' branch; Version is '2020.3.21f1 (a38c86f6690f) revision 10718342'; Using compiler version '192528614'; Build Type 'Release'
OS: 'Windows 10 Pro; OS build 22000.348; Version 2009; 64bit' Language: 'de' Physical Memory: 16134 MB
BatchMode: 1, IsHumanControllingUs: 0, StartBugReporterOnCrash: 0, Is64bit: 1, IsPro: 0

COMMAND LINE ARGUMENTS:
C:\Program Files\Unity\Hub\Editor\2020.3.21f1\Editor\Unity.exe
-adb2
-batchMode
-noUpm
-name
AssetImportWorker41
-projectPath
C:/Users/mstei/OneDrive/Desktop/Medical technologie Kram/AR/UnityMCI/UnityProject2021
-logFile
Logs/AssetImportWorker41.log
-srvPort
57253
Successfully changed project path to: C:/Users/mstei/OneDrive/Desktop/Medical technologie Kram/AR/UnityMCI/UnityProject2021
C:/Users/mstei/OneDrive/Desktop/Medical technologie Kram/AR/UnityMCI/UnityProject2021
Using Asset Import Pipeline V2.
Refreshing native plugins compatible for Editor in 779.88 ms, found 2 plugins.
Preloading 0 native plugins for Editor in 0.00 ms.
Initialize engine version: 2020.3.21f1 (a38c86f6690f)
[Subsystems] Discovering subsystems at path C:/Program Files/Unity/Hub/Editor/2020.3.21f1/Editor/Data/Resources/UnitySubsystems
[Subsystems] Discovering subsystems at path C:/Users/mstei/OneDrive/Desktop/Medical technologie Kram/AR/UnityMCI/UnityProject2021/Assets
GfxDevice: creating device client; threaded=0
Direct3D:
    Version:  Direct3D 11.0 [level 11.1]
    Renderer: NVIDIA Quadro P520 (ID=0x1d34)
    Vendor:   
    VRAM:     1983 MB
    Driver:   30.0.14.7242
Initialize mono
Mono path[0] = 'C:/Program Files/Unity/Hub/Editor/2020.3.21f1/Editor/Data/Managed'
Mono path[1] = 'C:/Program Files/Unity/Hub/Editor/2020.3.21f1/Editor/Data/MonoBleedingEdge/lib/mono/unityjit'
Mono config path = 'C:/Program Files/Unity/Hub/Editor/2020.3.21f1/Editor/Data/MonoBleedingEdge/etc'
Using monoOptions --debugger-agent=transport=dt_socket,embedding=1,server=y,suspend=n,address=127.0.0.1:56784
Begin MonoManager ReloadAssembly
Registering precompiled unity dll's ...
Register platform support module: C:/Program Files/Unity/Hub/Editor/2020.3.21f1/Editor/Data/PlaybackEngines/WindowsStandaloneSupport/UnityEditor.WindowsStandalone.Extensions.dll
Registered in 0.024838 seconds.
Native extension for WindowsStandalone target not found
Refreshing native plugins compatible for Editor in 290.94 ms, found 2 plugins.
Preloading 0 native plugins for Editor in 0.00 ms.
Mono: successfully reloaded assembly
- Completed reload, in 15.987 seconds
Domain Reload Profiling:
	ReloadAssembly (15988ms)
		BeginReloadAssembly (633ms)
			ExecutionOrderSort (0ms)
			DisableScriptedObjects (0ms)
			BackupInstance (0ms)
			ReleaseScriptingObjects (0ms)
			CreateAndSetChildDomain (11ms)
		EndReloadAssembly (5553ms)
			LoadAssemblies (611ms)
			RebuildTransferFunctionScriptingTraits (1ms)
			SetupTypeCache (1962ms)
			ReleaseScriptCaches (0ms)
			RebuildScriptCaches (311ms)
			SetupLoadedEditorAssemblies (761ms)
				LogAssemblyErrors (8ms)
				InitializePlatformSupportModulesInManaged (23ms)
				SetLoadedEditorAssemblies (1ms)
				RefreshPlugins (291ms)
				BeforeProcessingInitializeOnLoad (55ms)
				ProcessInitializeOnLoadAttributes (293ms)
				ProcessInitializeOnLoadMethodAttributes (88ms)
				AfterProcessingInitializeOnLoad (0ms)
				EditorAssembliesLoaded (1ms)
			ExecutionOrderSort2 (0ms)
			AwakeInstancesAfterBackupRestoration (0ms)
Platform modules already initialized, skipping
Registering precompiled user dll's ...
Registered in 0.015610 seconds.
Begin MonoManager ReloadAssembly
Error: Could not load signature of UnityEditor.XR.ARKit.XcodeAssetCatalog:WriteAndAddToPBXProject due to: Could not load file or assembly 'UnityEditor.iOS.Extensions.Xcode, Version=1.0.0.0, Culture=neutral, PublicKeyToken=null' or one of its dependencies. assembly:UnityEditor.iOS.Extensions.Xcode, Version=1.0.0.0, Culture=neutral, PublicKeyToken=null type:<unknown type> member:(null) signature:<none>
Unloading broken assembly Library/ScriptAssemblies/Unity.XR.ARKit.Editor.dll, this assembly can cause crashes in the runtime
Native extension for WindowsStandalone target not found
Refreshing native plugins compatible for Editor in 177.60 ms, found 2 plugins.
Preloading 0 native plugins for Editor in 0.00 ms.
Mono: successfully reloaded assembly
- Completed reload, in  4.076 seconds
Domain Reload Profiling:
	ReloadAssembly (4078ms)
		BeginReloadAssembly (457ms)
			ExecutionOrderSort (0ms)
			DisableScriptedObjects (13ms)
			BackupInstance (0ms)
			ReleaseScriptingObjects (0ms)
			CreateAndSetChildDomain (61ms)
		EndReloadAssembly (3441ms)
			LoadAssemblies (253ms)
			RebuildTransferFunctionScriptingTraits (0ms)
			SetupTypeCache (1107ms)
			ReleaseScriptCaches (3ms)
			RebuildScriptCaches (157ms)
			SetupLoadedEditorAssemblies (1511ms)
				LogAssemblyErrors (0ms)
				InitializePlatformSupportModulesInManaged (9ms)
				SetLoadedEditorAssemblies (1ms)
				RefreshPlugins (178ms)
				BeforeProcessingInitializeOnLoad (336ms)
				ProcessInitializeOnLoadAttributes (940ms)
				ProcessInitializeOnLoadMethodAttributes (32ms)
				AfterProcessingInitializeOnLoad (15ms)
				EditorAssembliesLoaded (0ms)
			ExecutionOrderSort2 (0ms)
			AwakeInstancesAfterBackupRestoration (28ms)
Platform modules already initialized, skipping
========================================================================
Worker process is ready to serve import requests
Launched and connected shader compiler UnityShaderCompiler.exe after 0.18 seconds
Refreshing native plugins compatible for Editor in 9.90 ms, found 2 plugins.
Preloading 0 native plugins for Editor in 0.00 ms.
Unloading 3133 Unused Serialized files (Serialized files now loaded: 0)
System memory in use before: 148.1 MB.
System memory in use after: 148.3 MB.

Unloading 21 unused Assets to reduce memory usage. Loaded Objects now: 3595.
Total: 79.912900 ms (FindLiveObjects: 3.746200 ms CreateObjectMapping: 15.312900 ms MarkObjects: 58.175300 ms  DeleteObjects: 2.667500 ms)

AssetImportParameters requested are different than current active one (requested -> active):
  custom:framework-win-MediaFoundation: 216162199b28c13a410421893ffa2e32 -> 
  custom:video-decoder-ogg-theora: a1e56fd34408186e4bbccfd4996cb3dc -> 
  custom:container-muxer-webm: aa71ff27fc2769a1b78a27578f13a17b -> 
  custom:container-demuxer-webm: 4f35f7cbe854078d1ac9338744f61a02 -> 
  custom:container-demuxer-ogg: 62fdf1f143b41e24485cea50d1cbac27 -> 
  custom:video-encoder-webm-vp8: eb34c28f22e8b96e1ab97ce403110664 -> 
  custom:video-codec-MediaFoundation-h265: 746d11721c4dcdbdad8f713fa42b33f4 -> 
  custom:video-decoder-webm-vp8: 9c59270c3fd7afecdb556c50c9e8de78 -> 
  custom:audio-decoder-ogg-vorbis: bf7c407c2cedff20999df2af8eb42d56 -> 
  custom:audio-encoder-webm-vorbis: bf7c407c2cedff20999df2af8eb42d56 -> 
========================================================================
Received Import Request.
  path: Assets/Prefabs/Cell Base.prefab
  artifactKey: Guid(ae6b687706a86504f9420c0cebf25db6) Importer(815301076,1909f56bfc062723c751e8b465ee728b)
Start importing Assets/Prefabs/Cell Base.prefab using Guid(ae6b687706a86504f9420c0cebf25db6) Importer(815301076,1909f56bfc062723c751e8b465ee728b)  -> (artifact id: '57265884a60c559c51f630fba558bda0') in 3.569608 seconds 
  Import took 3.637012 seconds .

========================================================================
Received Import Request.
  Time since last request: 0.001741 seconds.
  path: Assets/Materials/TestMaterial2.mat
  artifactKey: Guid(1b20e2fc2561aef42bcc1a9bc4c0ee8c) Importer(815301076,1909f56bfc062723c751e8b465ee728b)
Start importing Assets/Materials/TestMaterial2.mat using Guid(1b20e2fc2561aef42bcc1a9bc4c0ee8c) Importer(815301076,1909f56bfc062723c751e8b465ee728b)  -> (artifact id: '74f10a050c5c85011418ccf7d7310723') in 1.662073 seconds 
  Import took 1.793279 seconds .

========================================================================
Received Import Request.
  Time since last request: 0.030815 seconds.
  path: Assets/Textures/coremarker.png
  artifactKey: Guid(9b85dc8730145ac48b8339fc1a302c20) Importer(815301076,1909f56bfc062723c751e8b465ee728b)
Start importing Assets/Textures/coremarker.png using Guid(9b85dc8730145ac48b8339fc1a302c20) Importer(815301076,1909f56bfc062723c751e8b465ee728b)  -> (artifact id: '65e8a0ec3b1ab6048ed81bf1585d2b16') in 2.152147 seconds 
  Import took 2.309563 seconds .

========================================================================
Received Import Request.
  Time since last request: 0.001004 seconds.
  path: Assets/Textures/glass.png
  artifactKey: Guid(d9561fb2c62c015458c879c731326c40) Importer(815301076,1909f56bfc062723c751e8b465ee728b)
Start importing Assets/Textures/glass.png using Guid(d9561fb2c62c015458c879c731326c40) Importer(815301076,1909f56bfc062723c751e8b465ee728b)  -> (artifact id: 'a344ccc2d81664979b3073b07dd81ace') in 0.553120 seconds 
  Import took 0.645279 seconds .

========================================================================
Received Import Request.
  Time since last request: 0.050023 seconds.
  path: Assets/Materials/Placement Indicator.mat
  artifactKey: Guid(75f0cb976db983b4abc751d14787924f) Importer(815301076,1909f56bfc062723c751e8b465ee728b)
Start importing Assets/Materials/Placement Indicator.mat using Guid(75f0cb976db983b4abc751d14787924f) Importer(815301076,1909f56bfc062723c751e8b465ee728b)  -> (artifact id: 'a7dc079d86818011c6bca03685c859b3') in 1.795337 seconds 
  Import took 1.874624 seconds .

========================================================================
Received Import Request.
  Time since last request: 0.001989 seconds.
  path: Assets/Textures/glass2.jpg
  artifactKey: Guid(6f28e310f5bdc7d468dbd66397b495d6) Importer(815301076,1909f56bfc062723c751e8b465ee728b)
Start importing Assets/Textures/glass2.jpg using Guid(6f28e310f5bdc7d468dbd66397b495d6) Importer(815301076,1909f56bfc062723c751e8b465ee728b)  -> (artifact id: 'a5367e4285ffd0ce993679d3359b050a') in 0.754746 seconds 
  Import took 0.862732 seconds .

========================================================================
Received Import Request.
  Time since last request: 0.003275 seconds.
  path: Assets/Materials/Cell Core.mat
  artifactKey: Guid(c61eb58a1c2d8be4e8424c711b458b53) Importer(815301076,1909f56bfc062723c751e8b465ee728b)
Start importing Assets/Materials/Cell Core.mat using Guid(c61eb58a1c2d8be4e8424c711b458b53) Importer(815301076,1909f56bfc062723c751e8b465ee728b)  -> (artifact id: 'ad1edb6156e594ce847efed305fe3794') in 0.734847 seconds 
  Import took 0.818068 seconds .

========================================================================
Received Import Request.
  Time since last request: 0.005432 seconds.
  path: Assets/Textures/Perlin.jpg
  artifactKey: Guid(8df71c28558f23e4ca4ffc75114e499f) Importer(815301076,1909f56bfc062723c751e8b465ee728b)
Start importing Assets/Textures/Perlin.jpg using Guid(8df71c28558f23e4ca4ffc75114e499f) Importer(815301076,1909f56bfc062723c751e8b465ee728b)  -> (artifact id: 'd6180093fcde031745dd0db56f6b90fb') in 1.585473 seconds 
  Import took 1.820492 seconds .

========================================================================
Received Import Request.
  Time since last request: 0.001506 seconds.
  path: Assets/Scripts/Spawner.cs
  artifactKey: Guid(f9650fdeca37bb34482a3aab2afcb70c) Importer(815301076,1909f56bfc062723c751e8b465ee728b)
Start importing Assets/Scripts/Spawner.cs using Guid(f9650fdeca37bb34482a3aab2afcb70c) Importer(815301076,1909f56bfc062723c751e8b465ee728b)  -> (artifact id: '306578879ab9d56ddd8cd0f74fa0a847') in 0.369202 seconds 
  Import took 1.043288 seconds .

========================================================================
Received Import Request.
  Time since last request: 0.001120 seconds.
  path: Assets/Textures/water.jpg
  artifactKey: Guid(91c7aa8df7844ac459b959b72f3a6ebe) Importer(815301076,1909f56bfc062723c751e8b465ee728b)
Start importing Assets/Textures/water.jpg using Guid(91c7aa8df7844ac459b959b72f3a6ebe) Importer(815301076,1909f56bfc062723c751e8b465ee728b)  -> (artifact id: '0066b87823083755c71274578183f801') in 0.526666 seconds 
  Import took 0.622098 seconds .

========================================================================
Received Import Request.
  Time since last request: 0.399167 seconds.
  path: Assets/Materials/CoreMarker.mat
  artifactKey: Guid(3cf059eb1168dce428aae0ca00bdb739) Importer(815301076,1909f56bfc062723c751e8b465ee728b)
Start importing Assets/Materials/CoreMarker.mat using Guid(3cf059eb1168dce428aae0ca00bdb739) Importer(815301076,1909f56bfc062723c751e8b465ee728b)  -> (artifact id: '4eef7d8f988da52fc6d1a4744fc07b9c') in 2.643793 seconds 
  Import took 3.310172 seconds .

========================================================================
Received Import Request.
  Time since last request: 0.051771 seconds.
  path: Assets/Materials/Transparent.mat
  artifactKey: Guid(177ef2277f93fc447a8e64801718f6f6) Importer(815301076,1909f56bfc062723c751e8b465ee728b)
Start importing Assets/Materials/Transparent.mat using Guid(177ef2277f93fc447a8e64801718f6f6) Importer(815301076,1909f56bfc062723c751e8b465ee728b)  -> (artifact id: 'd63ccb9af2d810b30cd3795adf624670') in 0.772970 seconds 
  Import took 1.089110 seconds .

========================================================================
Received Import Request.
  Time since last request: 0.001166 seconds.
  path: Assets/Materials/TestMaterial.mat
  artifactKey: Guid(aaf60d3e9f69c77428e664eade2d125d) Importer(815301076,1909f56bfc062723c751e8b465ee728b)
Start importing Assets/Materials/TestMaterial.mat using Guid(aaf60d3e9f69c77428e664eade2d125d) Importer(815301076,1909f56bfc062723c751e8b465ee728b)  -> (artifact id: '7b993b7ecb30e9279d3fb248f0411ae0') in 0.483793 seconds 
  Import took 0.592986 seconds .

========================================================================
Received Import Request.
  Time since last request: 0.001303 seconds.
  path: Assets/Textures/Worley.jpg
  artifactKey: Guid(a473738e5e1c4cf4f93687ca5c241f3c) Importer(815301076,1909f56bfc062723c751e8b465ee728b)
Start importing Assets/Textures/Worley.jpg using Guid(a473738e5e1c4cf4f93687ca5c241f3c) Importer(815301076,1909f56bfc062723c751e8b465ee728b)  -> (artifact id: '9a7fe399f995cb32ae6a445c07dea40c') in 4.466249 seconds 
  Import took 4.705567 seconds .

========================================================================
Received Import Request.
  Time since last request: 0.058402 seconds.
  path: Assets/Textures/red1.jpg
  artifactKey: Guid(85052561e7846fd42be8ec5abdfa8caa) Importer(815301076,1909f56bfc062723c751e8b465ee728b)
Start importing Assets/Textures/red1.jpg using Guid(85052561e7846fd42be8ec5abdfa8caa) Importer(815301076,1909f56bfc062723c751e8b465ee728b)  -> (artifact id: '631d20100135c6418ff2b035da6fd8f4') in 2.464437 seconds 
  Import took 2.885592 seconds .

========================================================================
Received Import Request.
  Time since last request: 0.001044 seconds.
  path: Assets/Textures/placement_indicator.png
  artifactKey: Guid(83e7e7bd67e6e424694999d23b37f96a) Importer(815301076,1909f56bfc062723c751e8b465ee728b)
Start importing Assets/Textures/placement_indicator.png using Guid(83e7e7bd67e6e424694999d23b37f96a) Importer(815301076,1909f56bfc062723c751e8b465ee728b)  -> (artifact id: 'b457c44966dcc8e166309f4b9282d33a') in 2.775800 seconds 
  Import took 2.923056 seconds .

========================================================================
Received Import Request.
  Time since last request: 0.024385 seconds.
  path: Assets/Materials/Cell Membrane.mat
  artifactKey: Guid(458c21e81d0fcd04e9ac97b7c05b1484) Importer(815301076,1909f56bfc062723c751e8b465ee728b)
Start importing Assets/Materials/Cell Membrane.mat using Guid(458c21e81d0fcd04e9ac97b7c05b1484) Importer(815301076,1909f56bfc062723c751e8b465ee728b)  -> (artifact id: '252a8689e9b739f373ca200ec5a20b1d') in 0.305432 seconds 
  Import took 0.388609 seconds .

